<?xml version="1.0" encoding="UTF-8"?>
<testsuite xmlns:xsi="http://www.w3.org/2001/XMLSchema-instance" xsi:noNamespaceSchemaLocation="https://maven.apache.org/surefire/maven-surefire-plugin/xsd/surefire-test-report-3.0.xsd" version="3.0" name="com.ai100x.order.RunCucumberTest" time="0.244" tests="6" errors="0" skipped="0" failures="0">
  <properties>
[...]
</properties>
  <testcase name="Single product without promotions" classname="E-commerce Order Pricing Promotions" time="0.113"/>
  <testcase name="Threshold discount applies when subtotal reaches 1000" classname="E-commerce Order Pricing Promotions" time="0.002"/>
  <testcase name="Buy-one-get-one for cosmetics - multiple products" classname="E-commerce Order Pricing Promotions" time="0.0"/>
  <testcase name="Buy-one-get-one for cosmetics - same product twice" classname="E-commerce Order Pricing Promotions" time="0.008"/>
  <testcase name="Buy-one-get-one for cosmetics - mixed categories" classname="E-commerce Order Pricing Promotions" time="0.0"/>
  <testcase name="Multiple promotions stacked" classname="E-commerce Order Pricing Promotions" time="0.004"/>
</testsuite>